<?xml version="1.0" encoding="UTF-8" ?>
<testsuite tests="9" failures="2" name="teamcity.live.reporting.RunCucumberTest" time="61.155" errors="0" skipped="0">
  <properties>
[...]
</properties>
  <testcase classname="teamcity.live.reporting.RunCucumberTest" name="runScenario" time="0.13"/>
  <testcase classname="teamcity.live.reporting.RunCucumberTest" name="runScenario" time="0.13"/>
  <testcase classname="teamcity.live.reporting.RunCucumberTest" name="runScenario" time="0.13"/>
  <testcase classname="teamcity.live.reporting.RunCucumberTest" name="runScenario" time="0.13"/>
  <testcase classname="teamcity.live.reporting.RunCucumberTest" name="runScenario" time="0.131">
    <failure message="Assertion will fail expected [false] but found [true]" type="java.lang.AssertionError">java.lang.AssertionError: Assertion will fail expected [false] but found [true]
	at org.testng.Assert.fail(Assert.java:97)
	at org.testng.Assert.assertEqualsImpl(Assert.java:136)
	at org.testng.Assert.assertEquals(Assert.java:118)
	at org.testng.Assert.assertEquals(Assert.java:751)
	at teamcity.live.reporting.StepDefinitions.third_step_is_executed(StepDefinitions.java:37)
	at ✽.Test should fail(classpath:teamcity/live/reporting/First.feature:8)
</failure>
  </testcase>
  <testcase classname="teamcity.live.reporting.RunCucumberTest" name="runScenario" time="15.122"/>
  <testcase classname="teamcity.live.reporting.RunCucumberTest" name="runScenario" time="15.127">
    <failure message="Assertion will fail expected [false] but found [true]" type="java.lang.AssertionError">java.lang.AssertionError: Assertion will fail expected [false] but found [true]
	at org.testng.Assert.fail(Assert.java:97)
	at org.testng.Assert.assertEqualsImpl(Assert.java:136)
	at org.testng.Assert.assertEquals(Assert.java:118)
	at org.testng.Assert.assertEquals(Assert.java:751)
	at teamcity.live.reporting.StepDefinitions.third_step_is_executed(StepDefinitions.java:37)
	at ✽.Test should fail(classpath:teamcity/live/reporting/Second.feature:10)
</failure>
  </testcase>
  <testcase classname="teamcity.live.reporting.RunCucumberTest" name="runScenario" time="15.127"/>
  <testcase classname="teamcity.live.reporting.RunCucumberTest" name="runScenario" time="15.128"/>
</testsuite>